Arguments: 
  /usr/local/Cellar/node/10.4.1/bin/node /usr/local/bin/yarn add node-sass sass-loader

PATH: 
  /Users/hfpp2012/.rvm/gems/ruby-2.5.1/bin:/Users/hfpp2012/.rvm/gems/ruby-2.5.1@global/bin:/Users/hfpp2012/.rvm/rubies/ruby-2.5.1/bin:/usr/local/bin:/usr/bin:/bin:/usr/sbin:/sbin:/Users/hfpp2012/.rvm/bin

Yarn version: 
  1.7.0

Node version: 
  10.4.1

Platform: 
  darwin x64

Trace: 
  Error: EEXIST: file already exists, mkdir '/Users/hfpp2012/codes/lessons/hello-roadhog/node_modules/awesome-typescript-loader/node_modules/expand-brackets/node_modules'

npm manifest: 
  {
    "private": true,
    "scripts": {
      "start": "roadhog server",
      "build": "roadhog build",
      "lint": "eslint --ext .js src test",
      "precommit": "npm run lint"
    },
    "dependencies": {
      "dva": "^2.3.1",
      "react": "^16.2.0",
      "react-dom": "^16.2.0"
    },
    "devDependencies": {
      "babel-plugin-dva-hmr": "^0.3.2",
      "eslint": "^4.14.0",
      "eslint-config-umi": "^0.1.1",
      "eslint-plugin-flowtype": "^2.34.1",
      "eslint-plugin-import": "^2.6.0",
      "eslint-plugin-jsx-a11y": "^5.1.1",
      "eslint-plugin-react": "^7.1.0",
      "husky": "^0.12.0",
      "redbox-react": "^1.4.3",
      "roadhog": "^2.0.0"
    }
  }

yarn manifest: 
  No manifest

Lockfile: 
  No lockfile
